<?xml version="1.0" encoding="UTF-8"?>
<!-- Generated by org.testng.reporters.JUnitReportReporter -->
<testsuite hostname="LAPTOP-6QB1CKRE" failures="0" tests="5" name="testCases.TC003_LoginDDT" time="41.657" errors="0" timestamp="2025-02-18T00:23:10 IST" skipped="0">
  <testcase classname="testCases.TC003_LoginDDT" name="verify_loginDDT" time="12.052"/>
  <testcase classname="testCases.TC003_LoginDDT" name="verify_loginDDT" time="2.924"/>
  <testcase classname="testCases.TC003_LoginDDT" name="verify_loginDDT" time="12.131"/>
  <testcase classname="testCases.TC003_LoginDDT" name="verify_loginDDT" time="2.419"/>
  <testcase classname="testCases.TC003_LoginDDT" name="verify_loginDDT" time="12.131"/>
</testsuite> <!-- testCases.TC003_LoginDDT -->
