<?xml version="1.0" encoding="UTF-8"?>
<!-- Generated by org.testng.reporters.JUnitReportReporter -->
<testsuite hostname="LAPTOP-6QB1CKRE" failures="0" tests="1" name="testCases.TC001_AccountRegistrationTest" time="3.059" errors="0" timestamp="2025-02-22T18:17:26 IST" skipped="0">
  <testcase classname="testCases.TC001_AccountRegistrationTest" name="verifyAccountRegistration" time="3.059"/>
</testsuite> <!-- testCases.TC001_AccountRegistrationTest -->
